<?xml version="1.0" encoding="UTF-8"?>
<testsuite name="test.pivotal.pal.tracker.WelcomeControllerTest" tests="1" skipped="0" failures="0" errors="0" timestamp="2020-04-21T21:07:07" hostname="WANDERER" time="0.006">
  <properties/>
  <testcase name="itSaysHello()" classname="test.pivotal.pal.tracker.WelcomeControllerTest" time="0.006"/>
  <system-out><![CDATA[]]></system-out>
  <system-err><![CDATA[]]></system-err>
</testsuite>
