<?xml version="1.0" encoding="UTF-8"?>
<testsuite name="test.pivotal.pal.trackerapi.WelcomeApiTest" tests="1" skipped="0" failures="0" errors="0" timestamp="2020-04-21T21:07:12" hostname="WANDERER" time="0.672">
  <properties/>
  <testcase name="exampleTest()" classname="test.pivotal.pal.trackerapi.WelcomeApiTest" time="0.672"/>
  <system-out><![CDATA[02:37:07.862 [Test worker] DEBUG org.springframework.test.context.BootstrapUtils - Instantiating CacheAwareContextLoaderDelegate from class [org.springframework.test.context.cache.DefaultCacheAwareContextLoaderDelegate]
02:37:07.906 [Test worker] DEBUG org.springframework.test.context.BootstrapUtils - Instantiating BootstrapContext using constructor [public org.springframework.test.context.support.DefaultBootstrapContext(java.lang.Class,org.springframework.test.context.CacheAwareContextLoaderDelegate)]
02:37:07.961 [Test worker] DEBUG org.springframework.test.context.BootstrapUtils - Instantiating TestContextBootstrapper for test class [test.pivotal.pal.trackerapi.WelcomeApiTest] from class [org.springframework.boot.test.context.SpringBootTestContextBootstrapper]
02:37:07.993 [Test worker] INFO org.springframework.boot.test.context.SpringBootTestContextBootstrapper - Neither @ContextConfiguration nor @ContextHierarchy found for test class [test.pivotal.pal.trackerapi.WelcomeApiTest], using SpringBootContextLoader
02:37:08.004 [Test worker] DEBUG org.springframework.test.context.support.AbstractContextLoader - Did not detect default resource location for test class [test.pivotal.pal.trackerapi.WelcomeApiTest]: class path resource [test/pivotal/pal/trackerapi/WelcomeApiTest-context.xml] does not exist
02:37:08.005 [Test worker] DEBUG org.springframework.test.context.support.AbstractContextLoader - Did not detect default resource location for test class [test.pivotal.pal.trackerapi.WelcomeApiTest]: class path resource [test/pivotal/pal/trackerapi/WelcomeApiTestContext.groovy] does not exist
02:37:08.006 [Test worker] INFO org.springframework.test.context.support.AbstractContextLoader - Could not detect default resource locations for test class [test.pivotal.pal.trackerapi.WelcomeApiTest]: no resource found for suffixes {-context.xml, Context.groovy}.
02:37:08.169 [Test worker] DEBUG org.springframework.test.context.support.ActiveProfilesUtils - Could not find an 'annotation declaring class' for annotation type [org.springframework.test.context.ActiveProfiles] and class [test.pivotal.pal.trackerapi.WelcomeApiTest]
02:37:08.455 [Test worker] DEBUG org.springframework.boot.test.context.SpringBootTestContextBootstrapper - @TestExecutionListeners is not present for class [test.pivotal.pal.trackerapi.WelcomeApiTest]: using defaults.
02:37:08.457 [Test worker] INFO org.springframework.boot.test.context.SpringBootTestContextBootstrapper - Loaded default TestExecutionListener class names from location [META-INF/spring.factories]: [org.springframework.boot.test.autoconfigure.restdocs.RestDocsTestExecutionListener, org.springframework.boot.test.autoconfigure.web.client.MockRestServiceServerResetTestExecutionListener, org.springframework.boot.test.autoconfigure.web.servlet.MockMvcPrintOnlyOnFailureTestExecutionListener, org.springframework.boot.test.autoconfigure.web.servlet.WebDriverTestExecutionListener, org.springframework.boot.test.mock.mockito.MockitoTestExecutionListener, org.springframework.boot.test.mock.mockito.ResetMocksTestExecutionListener, org.springframework.test.context.web.ServletTestExecutionListener, org.springframework.test.context.support.DirtiesContextBeforeModesTestExecutionListener, org.springframework.test.context.support.DependencyInjectionTestExecutionListener, org.springframework.test.context.support.DirtiesContextTestExecutionListener, org.springframework.test.context.transaction.TransactionalTestExecutionListener, org.springframework.test.context.jdbc.SqlScriptsTestExecutionListener, org.springframework.test.context.event.EventPublishingTestExecutionListener]
02:37:08.497 [Test worker] DEBUG org.springframework.boot.test.context.SpringBootTestContextBootstrapper - Skipping candidate TestExecutionListener [org.springframework.test.context.transaction.TransactionalTestExecutionListener] due to a missing dependency. Specify custom listener classes or make the default listener classes and their required dependencies available. Offending class: [org/springframework/transaction/interceptor/TransactionAttributeSource]
02:37:08.501 [Test worker] DEBUG org.springframework.boot.test.context.SpringBootTestContextBootstrapper - Skipping candidate TestExecutionListener [org.springframework.test.context.jdbc.SqlScriptsTestExecutionListener] due to a missing dependency. Specify custom listener classes or make the default listener classes and their required dependencies available. Offending class: [org/springframework/transaction/interceptor/TransactionAttribute]
02:37:08.504 [Test worker] INFO org.springframework.boot.test.context.SpringBootTestContextBootstrapper - Using TestExecutionListeners: [org.springframework.test.context.web.ServletTestExecutionListener@7e239fc1, org.springframework.test.context.support.DirtiesContextBeforeModesTestExecutionListener@334fe362, org.springframework.boot.test.mock.mockito.MockitoTestExecutionListener@30b9868c, org.springframework.boot.test.autoconfigure.SpringBootDependencyInjectionTestExecutionListener@53375750, org.springframework.test.context.support.DirtiesContextTestExecutionListener@31880760, org.springframework.test.context.event.EventPublishingTestExecutionListener@7d10b6c0, org.springframework.boot.test.autoconfigure.restdocs.RestDocsTestExecutionListener@161d208, org.springframework.boot.test.autoconfigure.web.client.MockRestServiceServerResetTestExecutionListener@688598a3, org.springframework.boot.test.autoconfigure.web.servlet.MockMvcPrintOnlyOnFailureTestExecutionListener@19c731d4, org.springframework.boot.test.autoconfigure.web.servlet.WebDriverTestExecutionListener@6199229a, org.springframework.boot.test.mock.mockito.ResetMocksTestExecutionListener@6ee75d33]
02:37:08.523 [Test worker] DEBUG org.springframework.test.context.support.AbstractDirtiesContextTestExecutionListener - Before test class: context [DefaultTestContext@7d49b2cb testClass = WelcomeApiTest, testInstance = [null], testMethod = [null], testException = [null], mergedContextConfiguration = [WebMergedContextConfiguration@248796ff testClass = WelcomeApiTest, locations = '{}', classes = '{class io.pivotal.pal.tracker.PalTrackerApplication, class io.pivotal.pal.tracker.PalTrackerApplication}', contextInitializerClasses = '[]', activeProfiles = '{}', propertySourceLocations = '{}', propertySourceProperties = '{org.springframework.boot.test.context.SpringBootTestContextBootstrapper=true, server.port=0}', contextCustomizers = set[org.springframework.boot.test.autoconfigure.properties.PropertyMappingContextCustomizer@0, org.springframework.boot.test.autoconfigure.web.servlet.WebDriverContextCustomizerFactory$Customizer@6fdae43e, org.springframework.boot.test.context.filter.ExcludeFilterContextCustomizer@531f5598, org.springframework.boot.test.json.DuplicateJsonObjectContextCustomizerFactory$DuplicateJsonObjectContextCustomizer@3515a93e, org.springframework.boot.test.mock.mockito.MockitoContextCustomizer@0, org.springframework.boot.test.web.client.TestRestTemplateContextCustomizer@48e10d8c], resourceBasePath = 'src/main/webapp', contextLoader = 'org.springframework.boot.test.context.SpringBootContextLoader', parent = [null]], attributes = map['org.springframework.test.context.web.ServletTestExecutionListener.activateListener' -> false]], class annotated with @DirtiesContext [false] with mode [null].
02:37:08.552 [Test worker] DEBUG org.springframework.test.context.support.DependencyInjectionTestExecutionListener - Performing dependency injection for test context [[DefaultTestContext@7d49b2cb testClass = WelcomeApiTest, testInstance = test.pivotal.pal.trackerapi.WelcomeApiTest@306184c9, testMethod = [null], testException = [null], mergedContextConfiguration = [WebMergedContextConfiguration@248796ff testClass = WelcomeApiTest, locations = '{}', classes = '{class io.pivotal.pal.tracker.PalTrackerApplication, class io.pivotal.pal.tracker.PalTrackerApplication}', contextInitializerClasses = '[]', activeProfiles = '{}', propertySourceLocations = '{}', propertySourceProperties = '{org.springframework.boot.test.context.SpringBootTestContextBootstrapper=true, server.port=0}', contextCustomizers = set[org.springframework.boot.test.autoconfigure.properties.PropertyMappingContextCustomizer@0, org.springframework.boot.test.autoconfigure.web.servlet.WebDriverContextCustomizerFactory$Customizer@6fdae43e, org.springframework.boot.test.context.filter.ExcludeFilterContextCustomizer@531f5598, org.springframework.boot.test.json.DuplicateJsonObjectContextCustomizerFactory$DuplicateJsonObjectContextCustomizer@3515a93e, org.springframework.boot.test.mock.mockito.MockitoContextCustomizer@0, org.springframework.boot.test.web.client.TestRestTemplateContextCustomizer@48e10d8c], resourceBasePath = 'src/main/webapp', contextLoader = 'org.springframework.boot.test.context.SpringBootContextLoader', parent = [null]], attributes = map['org.springframework.test.context.web.ServletTestExecutionListener.activateListener' -> false]]].
02:37:08.619 [Test worker] DEBUG org.springframework.test.context.support.TestPropertySourceUtils - Adding inlined properties to environment: {spring.jmx.enabled=false, org.springframework.boot.test.context.SpringBootTestContextBootstrapper=true, server.port=0}

  .   ____          _            __ _ _
 /\\ / ___'_ __ _ _(_)_ __  __ _ \ \ \ \
( ( )\___ | '_ | '_| | '_ \/ _` | \ \ \ \
 \\/  ___)| |_)| | | | | || (_| |  ) ) ) )
  '  |____| .__|_| |_|_| |_\__, | / / / /
 =========|_|==============|___/=/_/_/_/
 :: Spring Boot ::        (v2.2.2.RELEASE)

2020-04-22 02:37:09.316  INFO 13792 --- [    Test worker] t.pivotal.pal.trackerapi.WelcomeApiTest  : Starting WelcomeApiTest on WANDERER with PID 13792 (started by aryas in C:\Users\aryas\workspace\pal-tracker)
2020-04-22 02:37:09.319  INFO 13792 --- [    Test worker] t.pivotal.pal.trackerapi.WelcomeApiTest  : No active profile set, falling back to default profiles: default
2020-04-22 02:37:11.293  INFO 13792 --- [    Test worker] o.s.b.w.embedded.tomcat.TomcatWebServer  : Tomcat initialized with port(s): 0 (http)
2020-04-22 02:37:11.311  INFO 13792 --- [    Test worker] o.apache.catalina.core.StandardService   : Starting service [Tomcat]
2020-04-22 02:37:11.312  INFO 13792 --- [    Test worker] org.apache.catalina.core.StandardEngine  : Starting Servlet engine: [Apache Tomcat/9.0.29]
2020-04-22 02:37:11.536  INFO 13792 --- [    Test worker] o.a.c.c.C.[Tomcat].[localhost].[/]       : Initializing Spring embedded WebApplicationContext
2020-04-22 02:37:11.536  INFO 13792 --- [    Test worker] o.s.web.context.ContextLoader            : Root WebApplicationContext: initialization completed in 2179 ms
2020-04-22 02:37:12.015  INFO 13792 --- [    Test worker] o.s.s.concurrent.ThreadPoolTaskExecutor  : Initializing ExecutorService 'applicationTaskExecutor'
2020-04-22 02:37:12.496  INFO 13792 --- [    Test worker] o.s.b.w.embedded.tomcat.TomcatWebServer  : Tomcat started on port(s): 51546 (http) with context path ''
2020-04-22 02:37:12.504  INFO 13792 --- [    Test worker] t.pivotal.pal.trackerapi.WelcomeApiTest  : Started WelcomeApiTest in 3.878 seconds (JVM running for 6.623)
2020-04-22 02:37:13.090  INFO 13792 --- [o-auto-1-exec-1] o.a.c.c.C.[Tomcat].[localhost].[/]       : Initializing Spring DispatcherServlet 'dispatcherServlet'
2020-04-22 02:37:13.090  INFO 13792 --- [o-auto-1-exec-1] o.s.web.servlet.DispatcherServlet        : Initializing Servlet 'dispatcherServlet'
2020-04-22 02:37:13.126  INFO 13792 --- [o-auto-1-exec-1] o.s.web.servlet.DispatcherServlet        : Completed initialization in 35 ms
]]></system-out>
  <system-err><![CDATA[]]></system-err>
</testsuite>
